2025-07-05 12:03:41,442 - database - INFO - データベーステーブルが正常にセットアップされました。
2025-07-05 12:03:53,923 - main - DEBUG - 検索クエリ: マインドフルネス
2025-07-05 12:03:53,924 - main - DEBUG - FTS5クエリ: マインドフルネス
2025-07-05 12:03:56,136 - main - DEBUG - 検索クエリ: マインドフルネス
2025-07-05 12:03:56,136 - main - DEBUG - FTS5クエリ: マインドフルネス
2025-07-05 12:03:59,036 - main - INFO - インデックス作成を別スレッドで実行します。
2025-07-05 12:03:59,036 - indexer - INFO - 'C:\Users\yasud\OneDrive\電子書籍\研修資料' のインデックス作成を開始します...
2025-07-05 12:03:59,045 - main - INFO - インデックス作成がバックグラウンドで開始されました！
2025-07-05 12:03:59,522 - indexer - INFO - インデックス作成が完了しました。
2025-07-05 12:04:07,675 - main - DEBUG - 検索クエリ: 日立
2025-07-05 12:04:07,676 - main - DEBUG - FTS5クエリ: 日立
2025-07-05 12:04:24,845 - python_multipart.multipart - DEBUG - Calling on_field_start with no data
2025-07-05 12:04:24,845 - python_multipart.multipart - DEBUG - Calling on_field_name with data[0:16]
2025-07-05 12:04:24,845 - python_multipart.multipart - DEBUG - Calling on_field_data with data[17:126]
2025-07-05 12:04:24,845 - python_multipart.multipart - DEBUG - Calling on_field_end with no data
2025-07-05 12:04:24,845 - python_multipart.multipart - DEBUG - Calling on_field_start with no data
2025-07-05 12:04:24,845 - python_multipart.multipart - DEBUG - Calling on_field_name with data[127:143]
2025-07-05 12:04:24,845 - python_multipart.multipart - DEBUG - Calling on_field_data with data[144:256]
2025-07-05 12:04:24,845 - python_multipart.multipart - DEBUG - Calling on_field_end with no data
2025-07-05 12:04:24,845 - python_multipart.multipart - DEBUG - Calling on_field_start with no data
2025-07-05 12:04:24,845 - python_multipart.multipart - DEBUG - Calling on_field_name with data[257:275]
2025-07-05 12:04:24,845 - python_multipart.multipart - DEBUG - Calling on_field_data with data[276:280]
2025-07-05 12:04:24,846 - python_multipart.multipart - DEBUG - Calling on_field_end with no data
2025-07-05 12:04:24,846 - python_multipart.multipart - DEBUG - Calling on_field_start with no data
2025-07-05 12:04:24,846 - python_multipart.multipart - DEBUG - Calling on_field_name with data[281:299]
2025-07-05 12:04:24,846 - python_multipart.multipart - DEBUG - Calling on_field_data with data[300:303]
2025-07-05 12:04:24,846 - python_multipart.multipart - DEBUG - Calling on_field_end with no data
2025-07-05 12:04:24,846 - python_multipart.multipart - DEBUG - Calling on_field_start with no data
2025-07-05 12:04:24,846 - python_multipart.multipart - DEBUG - Calling on_field_name with data[304:322]
2025-07-05 12:04:24,846 - python_multipart.multipart - DEBUG - Calling on_field_data with data[323:326]
2025-07-05 12:04:24,846 - python_multipart.multipart - DEBUG - Calling on_field_end with no data
2025-07-05 12:04:24,846 - python_multipart.multipart - DEBUG - Calling on_field_start with no data
2025-07-05 12:04:24,846 - python_multipart.multipart - DEBUG - Calling on_field_name with data[327:345]
2025-07-05 12:04:24,846 - python_multipart.multipart - DEBUG - Calling on_field_data with data[346:351]
2025-07-05 12:04:24,846 - python_multipart.multipart - DEBUG - Calling on_field_end with no data
2025-07-05 12:04:24,846 - python_multipart.multipart - DEBUG - Calling on_field_start with no data
2025-07-05 12:04:24,846 - python_multipart.multipart - DEBUG - Calling on_field_name with data[352:370]
2025-07-05 12:04:24,846 - python_multipart.multipart - DEBUG - Calling on_field_data with data[371:375]
2025-07-05 12:04:24,846 - python_multipart.multipart - DEBUG - Calling on_field_end with no data
2025-07-05 12:04:24,846 - python_multipart.multipart - DEBUG - Calling on_field_start with no data
2025-07-05 12:04:24,846 - python_multipart.multipart - DEBUG - Calling on_field_name with data[376:394]
2025-07-05 12:04:24,846 - python_multipart.multipart - DEBUG - Calling on_field_data with data[395:398]
2025-07-05 12:04:24,846 - python_multipart.multipart - DEBUG - Calling on_field_end with no data
2025-07-05 12:04:24,846 - python_multipart.multipart - DEBUG - Calling on_field_start with no data
2025-07-05 12:04:24,846 - python_multipart.multipart - DEBUG - Calling on_field_name with data[399:417]
2025-07-05 12:04:24,846 - python_multipart.multipart - DEBUG - Calling on_field_data with data[418:423]
2025-07-05 12:04:24,846 - python_multipart.multipart - DEBUG - Calling on_field_end with no data
2025-07-05 12:04:24,846 - python_multipart.multipart - DEBUG - Calling on_field_start with no data
2025-07-05 12:04:24,846 - python_multipart.multipart - DEBUG - Calling on_field_name with data[424:442]
2025-07-05 12:04:24,846 - python_multipart.multipart - DEBUG - Calling on_field_data with data[443:447]
2025-07-05 12:04:24,846 - python_multipart.multipart - DEBUG - Calling on_field_end with no data
2025-07-05 12:04:24,846 - python_multipart.multipart - DEBUG - Calling on_field_start with no data
2025-07-05 12:04:24,846 - python_multipart.multipart - DEBUG - Calling on_field_name with data[448:466]
2025-07-05 12:04:24,846 - python_multipart.multipart - DEBUG - Calling on_field_data with data[467:471]
2025-07-05 12:04:24,846 - python_multipart.multipart - DEBUG - Calling on_field_end with no data
2025-07-05 12:04:24,846 - python_multipart.multipart - DEBUG - Calling on_field_start with no data
2025-07-05 12:04:24,846 - python_multipart.multipart - DEBUG - Calling on_field_name with data[472:490]
2025-07-05 12:04:24,846 - python_multipart.multipart - DEBUG - Calling on_field_data with data[491:493]
2025-07-05 12:04:24,846 - python_multipart.multipart - DEBUG - Calling on_field_end with no data
2025-07-05 12:04:24,846 - python_multipart.multipart - DEBUG - Calling on_field_start with no data
2025-07-05 12:04:24,846 - python_multipart.multipart - DEBUG - Calling on_field_name with data[494:512]
2025-07-05 12:04:24,846 - python_multipart.multipart - DEBUG - Calling on_field_data with data[513:517]
2025-07-05 12:04:24,846 - python_multipart.multipart - DEBUG - Calling on_field_end with no data
2025-07-05 12:04:24,846 - python_multipart.multipart - DEBUG - Calling on_field_start with no data
2025-07-05 12:04:24,846 - python_multipart.multipart - DEBUG - Calling on_field_name with data[518:536]
2025-07-05 12:04:24,846 - python_multipart.multipart - DEBUG - Calling on_field_data with data[537:539]
2025-07-05 12:04:24,847 - python_multipart.multipart - DEBUG - Calling on_field_end with no data
2025-07-05 12:04:24,847 - python_multipart.multipart - DEBUG - Calling on_field_start with no data
2025-07-05 12:04:24,847 - python_multipart.multipart - DEBUG - Calling on_field_name with data[540:558]
2025-07-05 12:04:24,847 - python_multipart.multipart - DEBUG - Calling on_field_data with data[559:564]
2025-07-05 12:04:24,847 - python_multipart.multipart - DEBUG - Calling on_field_end with no data
2025-07-05 12:04:24,847 - python_multipart.multipart - DEBUG - Calling on_field_start with no data
2025-07-05 12:04:24,847 - python_multipart.multipart - DEBUG - Calling on_field_name with data[565:583]
2025-07-05 12:04:24,847 - python_multipart.multipart - DEBUG - Calling on_field_data with data[584:587]
2025-07-05 12:04:24,847 - python_multipart.multipart - DEBUG - Calling on_field_end with no data
2025-07-05 12:04:24,847 - python_multipart.multipart - DEBUG - Calling on_field_start with no data
2025-07-05 12:04:24,847 - python_multipart.multipart - DEBUG - Calling on_field_name with data[588:606]
2025-07-05 12:04:24,847 - python_multipart.multipart - DEBUG - Calling on_field_data with data[607:611]
2025-07-05 12:04:24,847 - python_multipart.multipart - DEBUG - Calling on_field_end with no data
2025-07-05 12:04:24,847 - python_multipart.multipart - DEBUG - Calling on_field_start with no data
2025-07-05 12:04:24,847 - python_multipart.multipart - DEBUG - Calling on_field_name with data[612:630]
2025-07-05 12:04:24,848 - python_multipart.multipart - DEBUG - Calling on_field_data with data[631:634]
2025-07-05 12:04:24,848 - python_multipart.multipart - DEBUG - Calling on_field_end with no data
2025-07-05 12:04:24,848 - python_multipart.multipart - DEBUG - Calling on_field_start with no data
2025-07-05 12:04:24,848 - python_multipart.multipart - DEBUG - Calling on_field_name with data[635:653]
2025-07-05 12:04:24,848 - python_multipart.multipart - DEBUG - Calling on_field_data with data[654:657]
2025-07-05 12:04:24,848 - python_multipart.multipart - DEBUG - Calling on_field_end with no data
2025-07-05 12:04:24,848 - python_multipart.multipart - DEBUG - Calling on_field_start with no data
2025-07-05 12:04:24,848 - python_multipart.multipart - DEBUG - Calling on_field_name with data[658:676]
2025-07-05 12:04:24,848 - python_multipart.multipart - DEBUG - Calling on_field_data with data[677:680]
2025-07-05 12:04:24,848 - python_multipart.multipart - DEBUG - Calling on_field_end with no data
2025-07-05 12:04:24,848 - python_multipart.multipart - DEBUG - Calling on_field_start with no data
2025-07-05 12:04:24,848 - python_multipart.multipart - DEBUG - Calling on_field_name with data[681:699]
2025-07-05 12:04:24,848 - python_multipart.multipart - DEBUG - Calling on_field_data with data[700:704]
2025-07-05 12:04:24,848 - python_multipart.multipart - DEBUG - Calling on_field_end with no data
2025-07-05 12:04:24,848 - python_multipart.multipart - DEBUG - Calling on_field_start with no data
2025-07-05 12:04:24,848 - python_multipart.multipart - DEBUG - Calling on_field_name with data[705:723]
2025-07-05 12:04:24,848 - python_multipart.multipart - DEBUG - Calling on_field_data with data[724:728]
2025-07-05 12:04:24,848 - python_multipart.multipart - DEBUG - Calling on_field_end with no data
2025-07-05 12:04:24,848 - python_multipart.multipart - DEBUG - Calling on_field_start with no data
2025-07-05 12:04:24,848 - python_multipart.multipart - DEBUG - Calling on_field_name with data[729:747]
2025-07-05 12:04:24,848 - python_multipart.multipart - DEBUG - Calling on_field_data with data[748:753]
2025-07-05 12:04:24,848 - python_multipart.multipart - DEBUG - Calling on_field_end with no data
2025-07-05 12:04:24,848 - python_multipart.multipart - DEBUG - Calling on_field_start with no data
2025-07-05 12:04:24,848 - python_multipart.multipart - DEBUG - Calling on_field_name with data[754:772]
2025-07-05 12:04:24,848 - python_multipart.multipart - DEBUG - Calling on_field_data with data[773:778]
2025-07-05 12:04:24,848 - python_multipart.multipart - DEBUG - Calling on_field_end with no data
2025-07-05 12:04:24,848 - python_multipart.multipart - DEBUG - Calling on_field_start with no data
2025-07-05 12:04:24,848 - python_multipart.multipart - DEBUG - Calling on_field_name with data[779:797]
2025-07-05 12:04:24,848 - python_multipart.multipart - DEBUG - Calling on_field_data with data[798:803]
2025-07-05 12:04:24,848 - python_multipart.multipart - DEBUG - Calling on_field_end with no data
2025-07-05 12:04:24,849 - python_multipart.multipart - DEBUG - Calling on_end with no data
2025-07-05 12:04:25,724 - main - INFO - インデックス作成を別スレッドで実行します。
2025-07-05 12:04:25,725 - indexer - INFO - 'C:\Users\yasud\OneDrive\電子書籍\23_自己啓発' のインデックス作成を開始します...
2025-07-05 12:04:25,734 - main - INFO - インデックス作成がバックグラウンドで開始されました！
2025-07-05 12:04:40,183 - indexer - INFO - インデックス作成が完了しました。
2025-07-05 12:04:47,060 - main - DEBUG - 検索クエリ: マインドフルネス
2025-07-05 12:04:47,060 - main - DEBUG - FTS5クエリ: マインドフルネス
